#-----------------------------------------------------------
# Vivado v2022.1 (64-bit)
# SW Build 3526262 on Mon Apr 18 15:48:16 MDT 2022
# IP Build 3524634 on Mon Apr 18 20:55:01 MDT 2022
# Start of session at: Thu Dec  1 18:15:32 2022
# Process ID: 8676
# Current directory: C:/Users/quinn.ti/Documents/lab6
# Command line: vivado.exe -gui_launcher_event rodinguilauncherevent10556 C:\Users\quinn.ti\Documents\lab6\lab6.xpr
# Log file: C:/Users/quinn.ti/Documents/lab6/vivado.log
# Journal file: C:/Users/quinn.ti/Documents/lab6\vivado.jou
# Running On: WFXA4BB6DB8EC23, OS: Windows, CPU Frequency: 2904 MHz, CPU Physical cores: 8, Host memory: 16881 MB
#-----------------------------------------------------------
start_gui
open_project C:/Users/quinn.ti/Documents/lab6/lab6.xpr
WARNING: [Board 49-26] cannot add Board Part xilinx.com:vpk120_es:part0:1.2 available at C:/Xilinx/Vivado/2022.1/data/xhub/boards/XilinxBoardStore/boards/Xilinx/vpk120/es/1.2/board.xml as part xcvp1202-vsva2785-2mp-e-s-es1 specified in board_part file is either invalid or not available
WARNING: [Board 49-26] cannot add Board Part xilinx.com:vpk120_es_revb:part0:1.0 available at C:/Xilinx/Vivado/2022.1/data/xhub/boards/XilinxBoardStore/boards/Xilinx/vpk120_revb/es/1.0/board.xml as part xcvp1202-vsva2785-2mp-e-s-es1 specified in board_part file is either invalid or not available
WARNING: [Board 49-26] cannot add Board Part xilinx.com:zcu208ld:part0:2.0 available at C:/Xilinx/Vivado/2022.1/data/xhub/boards/XilinxBoardStore/boards/Xilinx/zcu208ld/production/2.0/board.xml as part xczu58dr-fsvg1517-2-i specified in board_part file is either invalid or not available
WARNING: [Board 49-26] cannot add Board Part xilinx.com:zcu216ld:part0:2.0 available at C:/Xilinx/Vivado/2022.1/data/xhub/boards/XilinxBoardStore/boards/Xilinx/zcu216ld/production/2.0/board.xml as part xczu59dr-ffvf1760-2-i specified in board_part file is either invalid or not available
WARNING: [Board 49-26] cannot add Board Part xilinx.com:zcu670:part0:2.0 available at C:/Xilinx/Vivado/2022.1/data/xhub/boards/XilinxBoardStore/boards/Xilinx/zcu670/2.0/board.xml as part xczu67dr-fsve1156-2-i specified in board_part file is either invalid or not available
WARNING: [Board 49-26] cannot add Board Part xilinx.com:zcu670ld:part0:1.0 available at C:/Xilinx/Vivado/2022.1/data/xhub/boards/XilinxBoardStore/boards/Xilinx/zcu670ld/1.0/board.xml as part xczu57dr-fsve1156-2-i specified in board_part file is either invalid or not available
Scanning sources...
Finished scanning sources
INFO: [IP_Flow 19-234] Refreshing IP repositories
INFO: [IP_Flow 19-1704] No user IP repositories specified
INFO: [IP_Flow 19-2313] Loaded Vivado IP repository 'C:/Xilinx/Vivado/2022.1/data/ip'.
open_project: Time (s): cpu = 00:00:30 ; elapsed = 00:00:09 . Memory (MB): peak = 1546.000 ; gain = 325.781
update_compile_order -fileset sources_1
set_property -dict [list CONFIG.coefficient_file {C:/Users/quinn.ti/Documents/lab6/two_by_two.coe}] [get_ips inst_mem]
INFO: [IP_Flow 19-3484] Absolute path of file 'c:/Users/quinn.ti/Documents/lab6/two_by_two.coe' provided. It will be converted relative to IP Instance files '../../../../two_by_two.coe'
generate_target all [get_files  C:/Users/quinn.ti/Documents/lab6/lab6.srcs/sources_1/ip/inst_mem/inst_mem.xci]
INFO: [IP_Flow 19-1686] Generating 'Instantiation Template' target for IP 'inst_mem'...
INFO: [IP_Flow 19-1686] Generating 'Synthesis' target for IP 'inst_mem'...
INFO: [IP_Flow 19-1686] Generating 'Simulation' target for IP 'inst_mem'...
INFO: [IP_Flow 19-1686] Generating 'Change Log' target for IP 'inst_mem'...
catch { config_ip_cache -export [get_ips -all inst_mem] }
export_ip_user_files -of_objects [get_files C:/Users/quinn.ti/Documents/lab6/lab6.srcs/sources_1/ip/inst_mem/inst_mem.xci] -no_script -sync -force -quiet
reset_run inst_mem_synth_1
launch_runs inst_mem_synth_1 -jobs 8
[Thu Dec  1 18:16:25 2022] Launched inst_mem_synth_1...
Run output will be captured here: C:/Users/quinn.ti/Documents/lab6/lab6.runs/inst_mem_synth_1/runme.log
export_simulation -of_objects [get_files C:/Users/quinn.ti/Documents/lab6/lab6.srcs/sources_1/ip/inst_mem/inst_mem.xci] -directory C:/Users/quinn.ti/Documents/lab6/lab6.ip_user_files/sim_scripts -ip_user_files_dir C:/Users/quinn.ti/Documents/lab6/lab6.ip_user_files -ipstatic_source_dir C:/Users/quinn.ti/Documents/lab6/lab6.ip_user_files/ipstatic -lib_map_path [list {modelsim=C:/Users/quinn.ti/Documents/lab6/lab6.cache/compile_simlib/modelsim} {questa=C:/Users/quinn.ti/Documents/lab6/lab6.cache/compile_simlib/questa} {riviera=C:/Users/quinn.ti/Documents/lab6/lab6.cache/compile_simlib/riviera} {activehdl=C:/Users/quinn.ti/Documents/lab6/lab6.cache/compile_simlib/activehdl}] -use_ip_compiled_libs -force -quiet
reset_run synth_1
INFO: [Project 1-1161] Replacing file C:/Users/quinn.ti/Documents/lab6/lab6.srcs/utils_1/imports/synth_1/alu_instrmem_top.dcp with file C:/Users/quinn.ti/Documents/lab6/lab6.runs/synth_1/alu_instrmem_top.dcp
WARNING: [Vivado 12-1017] Problems encountered:
1. Failed to delete one or more files in run directory C:/Users/quinn.ti/Documents/lab6/lab6.runs/synth_1

launch_runs impl_1 -to_step write_bitstream -jobs 16
[Thu Dec  1 18:16:53 2022] Launched inst_mem_synth_1, synth_1...
Run output will be captured here:
inst_mem_synth_1: C:/Users/quinn.ti/Documents/lab6/lab6.runs/inst_mem_synth_1/runme.log
synth_1: C:/Users/quinn.ti/Documents/lab6/lab6.runs/synth_1/runme.log
[Thu Dec  1 18:16:53 2022] Launched impl_1...
Run output will be captured here: C:/Users/quinn.ti/Documents/lab6/lab6.runs/impl_1/runme.log
open_run impl_1
INFO: [Device 21-403] Loading part xc7z020clg400-1
Netlist sorting complete. Time (s): cpu = 00:00:00 ; elapsed = 00:00:00.038 . Memory (MB): peak = 1929.105 ; gain = 0.000
INFO: [Netlist 29-17] Analyzing 248 Unisim elements for replacement
INFO: [Netlist 29-28] Unisim Transformation completed in 0 CPU seconds
INFO: [Project 1-479] Netlist was created with Vivado 2022.1
INFO: [Project 1-570] Preparing netlist for logic optimization
INFO: [Timing 38-478] Restoring timing data from binary archive.
INFO: [Timing 38-479] Binary timing data restore complete.
INFO: [Project 1-856] Restoring constraints from binary archive.
INFO: [Project 1-853] Binary constraint restore complete.
Reading XDEF placement.
Reading placer database...
Reading XDEF routing.
Read XDEF Files: Time (s): cpu = 00:00:00 ; elapsed = 00:00:00.183 . Memory (MB): peak = 2643.086 ; gain = 0.000
Restored from archive | CPU: 0.000000 secs | Memory: 0.000000 MB |
Finished XDEF File Restore: Time (s): cpu = 00:00:00 ; elapsed = 00:00:00.183 . Memory (MB): peak = 2643.086 ; gain = 0.000
Netlist sorting complete. Time (s): cpu = 00:00:00 ; elapsed = 00:00:00.001 . Memory (MB): peak = 2643.086 ; gain = 0.000
INFO: [Project 1-111] Unisim Transformation Summary:
  A total of 70 instances were transformed.
  RAM256X1S => RAM256X1S (MUXF7(x2), MUXF8, RAMS64E(x4)): 64 instances
  RAM32M => RAM32M (RAMD32(x6), RAMS32(x2)): 6 instances

open_run: Time (s): cpu = 00:00:21 ; elapsed = 00:00:15 . Memory (MB): peak = 2789.910 ; gain = 1204.910
WARNING: [Timing 38-436] There are set_bus_skew constraint(s) in this design. Please run report_bus_skew to ensure that bus skew requirements are met.
open_hw_manager
connect_hw_server -allow_non_jtag
INFO: [Labtools 27-2285] Connecting to hw_server url TCP:localhost:3121
INFO: [Labtools 27-2222] Launching hw_server...
INFO: [Labtools 27-2221] Launch Output:

****** Xilinx hw_server v2022.1
  **** Build date : Apr 18 2022 at 16:02:36
    ** Copyright 1986-2022 Xilinx, Inc. All Rights Reserved.


INFO: [Labtools 27-3415] Connecting to cs_server url TCP:localhost:3042
INFO: [Labtools 27-3417] Launching cs_server...
INFO: [Labtools 27-2221] Launch Output:


******** Xilinx cs_server v2022.1.0
  ****** Build date   : Apr 12 2022-15:12:08
    **** Build number : 2022.1.1649790728
      ** Copyright 2017-2022 Xilinx, Inc. All Rights Reserved.



connect_hw_server: Time (s): cpu = 00:00:01 ; elapsed = 00:00:06 . Memory (MB): peak = 2808.773 ; gain = 13.207
open_hw_target
INFO: [Labtoolstcl 44-466] Opening hw_target localhost:3121/xilinx_tcf/Xilinx/1234-tulA
open_hw_target: Time (s): cpu = 00:00:05 ; elapsed = 00:00:08 . Memory (MB): peak = 4903.332 ; gain = 2094.559
set_property PROGRAM.FILE {C:/Users/quinn.ti/Documents/lab6/lab6.runs/impl_1/alu_instrmem_top.bit} [get_hw_devices xc7z020_1]
set_property PROBES.FILE {C:/Users/quinn.ti/Documents/lab6/lab6.runs/impl_1/alu_instrmem_top.ltx} [get_hw_devices xc7z020_1]
set_property FULL_PROBES.FILE {C:/Users/quinn.ti/Documents/lab6/lab6.runs/impl_1/alu_instrmem_top.ltx} [get_hw_devices xc7z020_1]
current_hw_device [get_hw_devices xc7z020_1]
refresh_hw_device [lindex [get_hw_devices xc7z020_1] 0]
INFO: [Labtools 27-1435] Device xc7z020 (JTAG device index = 1) is not programmed (DONE status = 0).
set_property PROBES.FILE {C:/Users/quinn.ti/Documents/lab6/lab6.runs/impl_1/alu_instrmem_top.ltx} [get_hw_devices xc7z020_1]
set_property FULL_PROBES.FILE {C:/Users/quinn.ti/Documents/lab6/lab6.runs/impl_1/alu_instrmem_top.ltx} [get_hw_devices xc7z020_1]
set_property PROGRAM.FILE {C:/Users/quinn.ti/Documents/lab6/lab6.runs/impl_1/alu_instrmem_top.bit} [get_hw_devices xc7z020_1]
program_hw_devices [get_hw_devices xc7z020_1]
INFO: [Labtools 27-3164] End of startup status: HIGH
refresh_hw_device [lindex [get_hw_devices xc7z020_1] 0]
INFO: [Labtools 27-2302] Device xc7z020 (JTAG device index = 1) is programmed with a design that has 1 VIO core(s).
set_property PROBES.FILE {C:/Users/quinn.ti/Documents/lab6/lab6.runs/impl_1/alu_instrmem_top.ltx} [get_hw_devices xc7z020_1]
set_property FULL_PROBES.FILE {C:/Users/quinn.ti/Documents/lab6/lab6.runs/impl_1/alu_instrmem_top.ltx} [get_hw_devices xc7z020_1]
set_property PROGRAM.FILE {C:/Users/quinn.ti/Documents/lab6/lab6.runs/impl_1/alu_instrmem_top.bit} [get_hw_devices xc7z020_1]
program_hw_devices [get_hw_devices xc7z020_1]
INFO: [Labtools 27-3164] End of startup status: HIGH
refresh_hw_device [lindex [get_hw_devices xc7z020_1] 0]
INFO: [Labtools 27-2302] Device xc7z020 (JTAG device index = 1) is programmed with a design that has 1 VIO core(s).
set_property PROBES.FILE {C:/Users/quinn.ti/Documents/lab6/lab6.runs/impl_1/alu_instrmem_top.ltx} [get_hw_devices xc7z020_1]
set_property FULL_PROBES.FILE {C:/Users/quinn.ti/Documents/lab6/lab6.runs/impl_1/alu_instrmem_top.ltx} [get_hw_devices xc7z020_1]
set_property PROGRAM.FILE {C:/Users/quinn.ti/Documents/lab6/lab6.runs/impl_1/alu_instrmem_top.bit} [get_hw_devices xc7z020_1]
program_hw_devices [get_hw_devices xc7z020_1]
INFO: [Labtools 27-3164] End of startup status: HIGH
refresh_hw_device [lindex [get_hw_devices xc7z020_1] 0]
INFO: [Labtools 27-2302] Device xc7z020 (JTAG device index = 1) is programmed with a design that has 1 VIO core(s).
reset_run synth_1
INFO: [Project 1-1161] Replacing file C:/Users/quinn.ti/Documents/lab6/lab6.srcs/utils_1/imports/synth_1/alu_instrmem_top.dcp with file C:/Users/quinn.ti/Documents/lab6/lab6.runs/synth_1/alu_instrmem_top.dcp
WARNING: [Vivado 12-1017] Problems encountered:
1. Failed to delete one or more files in run directory C:/Users/quinn.ti/Documents/lab6/lab6.runs/synth_1

launch_runs impl_1 -to_step write_bitstream -jobs 16
[Thu Dec  1 18:36:42 2022] Launched synth_1...
Run output will be captured here: C:/Users/quinn.ti/Documents/lab6/lab6.runs/synth_1/runme.log
[Thu Dec  1 18:36:42 2022] Launched impl_1...
Run output will be captured here: C:/Users/quinn.ti/Documents/lab6/lab6.runs/impl_1/runme.log
set_property PROBES.FILE {C:/Users/quinn.ti/Documents/lab6/lab6.runs/impl_1/alu_instrmem_top.ltx} [get_hw_devices xc7z020_1]
set_property FULL_PROBES.FILE {C:/Users/quinn.ti/Documents/lab6/lab6.runs/impl_1/alu_instrmem_top.ltx} [get_hw_devices xc7z020_1]
set_property PROGRAM.FILE {C:/Users/quinn.ti/Documents/lab6/lab6.runs/impl_1/alu_instrmem_top.bit} [get_hw_devices xc7z020_1]
program_hw_devices [get_hw_devices xc7z020_1]
INFO: [Labtools 27-3164] End of startup status: HIGH
refresh_hw_device [lindex [get_hw_devices xc7z020_1] 0]
INFO: [Labtools 27-2302] Device xc7z020 (JTAG device index = 1) is programmed with a design that has 1 VIO core(s).
set_property -dict [list CONFIG.coefficient_file {C:/Users/quinn.ti/Documents/lab6/two_by_two_final.coe}] [get_ips inst_mem]
INFO: [IP_Flow 19-3484] Absolute path of file 'c:/Users/quinn.ti/Documents/lab6/two_by_two_final.coe' provided. It will be converted relative to IP Instance files '../../../../two_by_two_final.coe'
generate_target all [get_files  C:/Users/quinn.ti/Documents/lab6/lab6.srcs/sources_1/ip/inst_mem/inst_mem.xci]
INFO: [IP_Flow 19-1686] Generating 'Instantiation Template' target for IP 'inst_mem'...
INFO: [IP_Flow 19-1686] Generating 'Synthesis' target for IP 'inst_mem'...
INFO: [IP_Flow 19-1686] Generating 'Simulation' target for IP 'inst_mem'...
INFO: [IP_Flow 19-1686] Generating 'Change Log' target for IP 'inst_mem'...
catch { config_ip_cache -export [get_ips -all inst_mem] }
export_ip_user_files -of_objects [get_files C:/Users/quinn.ti/Documents/lab6/lab6.srcs/sources_1/ip/inst_mem/inst_mem.xci] -no_script -sync -force -quiet
reset_run inst_mem_synth_1
WARNING: [Vivado 12-1017] Problems encountered:
1. Failed to delete one or more files in run directory C:/Users/quinn.ti/Documents/lab6/lab6.runs/inst_mem_synth_1

launch_runs inst_mem_synth_1 -jobs 16
[Thu Dec  1 18:50:19 2022] Launched inst_mem_synth_1...
Run output will be captured here: C:/Users/quinn.ti/Documents/lab6/lab6.runs/inst_mem_synth_1/runme.log
export_simulation -of_objects [get_files C:/Users/quinn.ti/Documents/lab6/lab6.srcs/sources_1/ip/inst_mem/inst_mem.xci] -directory C:/Users/quinn.ti/Documents/lab6/lab6.ip_user_files/sim_scripts -ip_user_files_dir C:/Users/quinn.ti/Documents/lab6/lab6.ip_user_files -ipstatic_source_dir C:/Users/quinn.ti/Documents/lab6/lab6.ip_user_files/ipstatic -lib_map_path [list {modelsim=C:/Users/quinn.ti/Documents/lab6/lab6.cache/compile_simlib/modelsim} {questa=C:/Users/quinn.ti/Documents/lab6/lab6.cache/compile_simlib/questa} {riviera=C:/Users/quinn.ti/Documents/lab6/lab6.cache/compile_simlib/riviera} {activehdl=C:/Users/quinn.ti/Documents/lab6/lab6.cache/compile_simlib/activehdl}] -use_ip_compiled_libs -force -quiet
reset_run synth_1
INFO: [Project 1-1161] Replacing file C:/Users/quinn.ti/Documents/lab6/lab6.srcs/utils_1/imports/synth_1/alu_instrmem_top.dcp with file C:/Users/quinn.ti/Documents/lab6/lab6.runs/synth_1/alu_instrmem_top.dcp
WARNING: [Vivado 12-1017] Problems encountered:
1. Failed to delete one or more files in run directory C:/Users/quinn.ti/Documents/lab6/lab6.runs/synth_1

launch_runs impl_1 -to_step write_bitstream -jobs 16
[Thu Dec  1 18:50:38 2022] Launched inst_mem_synth_1, synth_1...
Run output will be captured here:
inst_mem_synth_1: C:/Users/quinn.ti/Documents/lab6/lab6.runs/inst_mem_synth_1/runme.log
synth_1: C:/Users/quinn.ti/Documents/lab6/lab6.runs/synth_1/runme.log
[Thu Dec  1 18:50:38 2022] Launched impl_1...
Run output will be captured here: C:/Users/quinn.ti/Documents/lab6/lab6.runs/impl_1/runme.log
reset_run synth_1
WARNING: [Vivado 12-1017] Problems encountered:
1. Failed to delete one or more files in run directory C:/Users/quinn.ti/Documents/lab6/lab6.runs/synth_1

launch_runs impl_1 -to_step write_bitstream -jobs 16
[Thu Dec  1 18:51:42 2022] Launched synth_1...
Run output will be captured here: C:/Users/quinn.ti/Documents/lab6/lab6.runs/synth_1/runme.log
[Thu Dec  1 18:51:42 2022] Launched impl_1...
Run output will be captured here: C:/Users/quinn.ti/Documents/lab6/lab6.runs/impl_1/runme.log
set_property -dict [list CONFIG.coefficient_file {C:/Users/quinn.ti/Documents/lab6/two_by_two_final.coe}] [get_ips inst_mem]
INFO: [IP_Flow 19-3484] Absolute path of file 'c:/Users/quinn.ti/Documents/lab6/two_by_two_final.coe' provided. It will be converted relative to IP Instance files '../../../../two_by_two_final.coe'
reset_run synth_1
WARNING: [Vivado 12-1017] Problems encountered:
1. Failed to delete one or more files in run directory C:/Users/quinn.ti/Documents/lab6/lab6.runs/synth_1

launch_runs impl_1 -to_step write_bitstream -jobs 16
[Thu Dec  1 18:52:55 2022] Launched synth_1...
Run output will be captured here: C:/Users/quinn.ti/Documents/lab6/lab6.runs/synth_1/runme.log
[Thu Dec  1 18:52:55 2022] Launched impl_1...
Run output will be captured here: C:/Users/quinn.ti/Documents/lab6/lab6.runs/impl_1/runme.log
set_property -dict [list CONFIG.coefficient_file {C:/Users/quinn.ti/Documents/lab6/output.coe}] [get_ips inst_mem]
INFO: [IP_Flow 19-3484] Absolute path of file 'c:/Users/quinn.ti/Documents/lab6/output.coe' provided. It will be converted relative to IP Instance files '../../../../output.coe'
set_property -dict [list CONFIG.data_width {15}] [get_ips inst_mem]
generate_target all [get_files  C:/Users/quinn.ti/Documents/lab6/lab6.srcs/sources_1/ip/inst_mem/inst_mem.xci]
INFO: [IP_Flow 19-1686] Generating 'Instantiation Template' target for IP 'inst_mem'...
INFO: [IP_Flow 19-1686] Generating 'Synthesis' target for IP 'inst_mem'...
INFO: [IP_Flow 19-1686] Generating 'Simulation' target for IP 'inst_mem'...
INFO: [IP_Flow 19-1686] Generating 'Change Log' target for IP 'inst_mem'...
catch { config_ip_cache -export [get_ips -all inst_mem] }
export_ip_user_files -of_objects [get_files C:/Users/quinn.ti/Documents/lab6/lab6.srcs/sources_1/ip/inst_mem/inst_mem.xci] -no_script -sync -force -quiet
reset_run inst_mem_synth_1
WARNING: [Vivado 12-1017] Problems encountered:
1. Failed to delete one or more files in run directory C:/Users/quinn.ti/Documents/lab6/lab6.runs/inst_mem_synth_1

launch_runs inst_mem_synth_1 -jobs 16
[Thu Dec  1 18:54:00 2022] Launched inst_mem_synth_1...
Run output will be captured here: C:/Users/quinn.ti/Documents/lab6/lab6.runs/inst_mem_synth_1/runme.log
export_simulation -of_objects [get_files C:/Users/quinn.ti/Documents/lab6/lab6.srcs/sources_1/ip/inst_mem/inst_mem.xci] -directory C:/Users/quinn.ti/Documents/lab6/lab6.ip_user_files/sim_scripts -ip_user_files_dir C:/Users/quinn.ti/Documents/lab6/lab6.ip_user_files -ipstatic_source_dir C:/Users/quinn.ti/Documents/lab6/lab6.ip_user_files/ipstatic -lib_map_path [list {modelsim=C:/Users/quinn.ti/Documents/lab6/lab6.cache/compile_simlib/modelsim} {questa=C:/Users/quinn.ti/Documents/lab6/lab6.cache/compile_simlib/questa} {riviera=C:/Users/quinn.ti/Documents/lab6/lab6.cache/compile_simlib/riviera} {activehdl=C:/Users/quinn.ti/Documents/lab6/lab6.cache/compile_simlib/activehdl}] -use_ip_compiled_libs -force -quiet
set_property -dict [list CONFIG.data_width {16}] [get_ips inst_mem]
generate_target all [get_files  C:/Users/quinn.ti/Documents/lab6/lab6.srcs/sources_1/ip/inst_mem/inst_mem.xci]
INFO: [IP_Flow 19-1686] Generating 'Instantiation Template' target for IP 'inst_mem'...
INFO: [IP_Flow 19-1686] Generating 'Synthesis' target for IP 'inst_mem'...
INFO: [IP_Flow 19-1686] Generating 'Simulation' target for IP 'inst_mem'...
INFO: [IP_Flow 19-1686] Generating 'Change Log' target for IP 'inst_mem'...
catch { config_ip_cache -export [get_ips -all inst_mem] }
export_ip_user_files -of_objects [get_files C:/Users/quinn.ti/Documents/lab6/lab6.srcs/sources_1/ip/inst_mem/inst_mem.xci] -no_script -sync -force -quiet
reset_run inst_mem_synth_1
WARNING: [Vivado 12-1017] Problems encountered:
1. Failed to delete one or more files in run directory C:/Users/quinn.ti/Documents/lab6/lab6.runs/inst_mem_synth_1

launch_runs inst_mem_synth_1 -jobs 16
[Thu Dec  1 18:54:57 2022] Launched inst_mem_synth_1...
Run output will be captured here: C:/Users/quinn.ti/Documents/lab6/lab6.runs/inst_mem_synth_1/runme.log
export_simulation -of_objects [get_files C:/Users/quinn.ti/Documents/lab6/lab6.srcs/sources_1/ip/inst_mem/inst_mem.xci] -directory C:/Users/quinn.ti/Documents/lab6/lab6.ip_user_files/sim_scripts -ip_user_files_dir C:/Users/quinn.ti/Documents/lab6/lab6.ip_user_files -ipstatic_source_dir C:/Users/quinn.ti/Documents/lab6/lab6.ip_user_files/ipstatic -lib_map_path [list {modelsim=C:/Users/quinn.ti/Documents/lab6/lab6.cache/compile_simlib/modelsim} {questa=C:/Users/quinn.ti/Documents/lab6/lab6.cache/compile_simlib/questa} {riviera=C:/Users/quinn.ti/Documents/lab6/lab6.cache/compile_simlib/riviera} {activehdl=C:/Users/quinn.ti/Documents/lab6/lab6.cache/compile_simlib/activehdl}] -use_ip_compiled_libs -force -quiet
reset_run synth_1
WARNING: [Vivado 12-1017] Problems encountered:
1. Failed to delete one or more files in run directory C:/Users/quinn.ti/Documents/lab6/lab6.runs/synth_1

launch_runs impl_1 -to_step write_bitstream -jobs 16
[Thu Dec  1 18:56:01 2022] Launched synth_1...
Run output will be captured here: C:/Users/quinn.ti/Documents/lab6/lab6.runs/synth_1/runme.log
[Thu Dec  1 18:56:01 2022] Launched impl_1...
Run output will be captured here: C:/Users/quinn.ti/Documents/lab6/lab6.runs/impl_1/runme.log
report_timing_summary -delay_type min_max -report_unconstrained -check_timing_verbose -max_paths 10 -input_pins -routable_nets -name timing_1
INFO: [Timing 38-91] UpdateTimingParams: Speed grade: -1, Delay Type: min_max.
INFO: [Timing 38-191] Multithreading enabled for timing update using a maximum of 2 CPUs
WARNING: [Timing 38-436] There are set_bus_skew constraint(s) in this design. Please run report_bus_skew to ensure that bus skew requirements are met.
reset_run synth_1
WARNING: [Vivado 12-1017] Problems encountered:
1. Failed to delete one or more files in run directory C:/Users/quinn.ti/Documents/lab6/lab6.runs/synth_1

launch_runs impl_1 -to_step write_bitstream -jobs 16
[Thu Dec  1 18:57:34 2022] Launched synth_1...
Run output will be captured here: C:/Users/quinn.ti/Documents/lab6/lab6.runs/synth_1/runme.log
[Thu Dec  1 18:57:34 2022] Launched impl_1...
Run output will be captured here: C:/Users/quinn.ti/Documents/lab6/lab6.runs/impl_1/runme.log
reset_run synth_1
WARNING: [Vivado 12-1017] Problems encountered:
1. Failed to delete one or more files in run directory C:/Users/quinn.ti/Documents/lab6/lab6.runs/synth_1

launch_runs impl_1 -to_step write_bitstream -jobs 16
[Thu Dec  1 18:58:19 2022] Launched synth_1...
Run output will be captured here: C:/Users/quinn.ti/Documents/lab6/lab6.runs/synth_1/runme.log
[Thu Dec  1 18:58:19 2022] Launched impl_1...
Run output will be captured here: C:/Users/quinn.ti/Documents/lab6/lab6.runs/impl_1/runme.log
set_property -dict [list CONFIG.coefficient_file {C:/Users/quinn.ti/Documents/lab6/two_by_two_final.coe}] [get_ips inst_mem]
INFO: [IP_Flow 19-3484] Absolute path of file 'c:/Users/quinn.ti/Documents/lab6/two_by_two_final.coe' provided. It will be converted relative to IP Instance files '../../../../two_by_two_final.coe'
reset_run synth_1
WARNING: [Vivado 12-1017] Problems encountered:
1. Failed to delete one or more files in run directory C:/Users/quinn.ti/Documents/lab6/lab6.runs/synth_1

launch_runs impl_1 -to_step write_bitstream -jobs 16
[Thu Dec  1 18:59:44 2022] Launched synth_1...
Run output will be captured here: C:/Users/quinn.ti/Documents/lab6/lab6.runs/synth_1/runme.log
[Thu Dec  1 18:59:44 2022] Launched impl_1...
Run output will be captured here: C:/Users/quinn.ti/Documents/lab6/lab6.runs/impl_1/runme.log
reset_run synth_1
WARNING: [Vivado 12-1017] Problems encountered:
1. Failed to delete one or more files in run directory C:/Users/quinn.ti/Documents/lab6/lab6.runs/synth_1

launch_runs impl_1 -to_step write_bitstream -jobs 16
[Thu Dec  1 19:00:36 2022] Launched synth_1...
Run output will be captured here: C:/Users/quinn.ti/Documents/lab6/lab6.runs/synth_1/runme.log
[Thu Dec  1 19:00:36 2022] Launched impl_1...
Run output will be captured here: C:/Users/quinn.ti/Documents/lab6/lab6.runs/impl_1/runme.log
set_property PROBES.FILE {C:/Users/quinn.ti/Documents/lab6/lab6.runs/impl_1/alu_instrmem_top.ltx} [get_hw_devices xc7z020_1]
set_property FULL_PROBES.FILE {C:/Users/quinn.ti/Documents/lab6/lab6.runs/impl_1/alu_instrmem_top.ltx} [get_hw_devices xc7z020_1]
set_property PROGRAM.FILE {C:/Users/quinn.ti/Documents/lab6/lab6.runs/impl_1/alu_instrmem_top.bit} [get_hw_devices xc7z020_1]
program_hw_devices [get_hw_devices xc7z020_1]
INFO: [Labtools 27-3164] End of startup status: HIGH
refresh_hw_device [lindex [get_hw_devices xc7z020_1] 0]
INFO: [Labtools 27-2302] Device xc7z020 (JTAG device index = 1) is programmed with a design that has 1 VIO core(s).
set_property PROBES.FILE {C:/Users/quinn.ti/Documents/lab6/lab6.runs/impl_1/alu_instrmem_top.ltx} [get_hw_devices xc7z020_1]
set_property FULL_PROBES.FILE {C:/Users/quinn.ti/Documents/lab6/lab6.runs/impl_1/alu_instrmem_top.ltx} [get_hw_devices xc7z020_1]
set_property PROGRAM.FILE {C:/Users/quinn.ti/Documents/lab6/lab6.runs/impl_1/alu_instrmem_top.bit} [get_hw_devices xc7z020_1]
program_hw_devices [get_hw_devices xc7z020_1]
INFO: [Labtools 27-3164] End of startup status: HIGH
refresh_hw_device [lindex [get_hw_devices xc7z020_1] 0]
INFO: [Labtools 27-2302] Device xc7z020 (JTAG device index = 1) is programmed with a design that has 1 VIO core(s).
set_property PROBES.FILE {C:/Users/quinn.ti/Documents/lab6/lab6.runs/impl_1/alu_instrmem_top.ltx} [get_hw_devices xc7z020_1]
set_property FULL_PROBES.FILE {C:/Users/quinn.ti/Documents/lab6/lab6.runs/impl_1/alu_instrmem_top.ltx} [get_hw_devices xc7z020_1]
set_property PROGRAM.FILE {C:/Users/quinn.ti/Documents/lab6/lab6.runs/impl_1/alu_instrmem_top.bit} [get_hw_devices xc7z020_1]
program_hw_devices [get_hw_devices xc7z020_1]
INFO: [Labtools 27-3164] End of startup status: HIGH
refresh_hw_device [lindex [get_hw_devices xc7z020_1] 0]
INFO: [Labtools 27-2302] Device xc7z020 (JTAG device index = 1) is programmed with a design that has 1 VIO core(s).
set_property PROBES.FILE {C:/Users/quinn.ti/Documents/lab6/lab6.runs/impl_1/alu_instrmem_top.ltx} [get_hw_devices xc7z020_1]
set_property FULL_PROBES.FILE {C:/Users/quinn.ti/Documents/lab6/lab6.runs/impl_1/alu_instrmem_top.ltx} [get_hw_devices xc7z020_1]
set_property PROGRAM.FILE {C:/Users/quinn.ti/Documents/lab6/lab6.runs/impl_1/alu_instrmem_top.bit} [get_hw_devices xc7z020_1]
program_hw_devices [get_hw_devices xc7z020_1]
INFO: [Labtools 27-3164] End of startup status: HIGH
refresh_hw_device [lindex [get_hw_devices xc7z020_1] 0]
INFO: [Labtools 27-2302] Device xc7z020 (JTAG device index = 1) is programmed with a design that has 1 VIO core(s).
set_property PROBES.FILE {C:/Users/quinn.ti/Documents/lab6/lab6.runs/impl_1/alu_instrmem_top.ltx} [get_hw_devices xc7z020_1]
set_property FULL_PROBES.FILE {C:/Users/quinn.ti/Documents/lab6/lab6.runs/impl_1/alu_instrmem_top.ltx} [get_hw_devices xc7z020_1]
set_property PROGRAM.FILE {C:/Users/quinn.ti/Documents/lab6/lab6.runs/impl_1/alu_instrmem_top.bit} [get_hw_devices xc7z020_1]
program_hw_devices [get_hw_devices xc7z020_1]
INFO: [Labtools 27-3164] End of startup status: HIGH
refresh_hw_device [lindex [get_hw_devices xc7z020_1] 0]
INFO: [Labtools 27-2302] Device xc7z020 (JTAG device index = 1) is programmed with a design that has 1 VIO core(s).
reset_run synth_1
INFO: [Project 1-1161] Replacing file C:/Users/quinn.ti/Documents/lab6/lab6.srcs/utils_1/imports/synth_1/alu_instrmem_top.dcp with file C:/Users/quinn.ti/Documents/lab6/lab6.runs/synth_1/alu_instrmem_top.dcp
WARNING: [Vivado 12-1017] Problems encountered:
1. Failed to delete one or more files in run directory C:/Users/quinn.ti/Documents/lab6/lab6.runs/synth_1

launch_runs impl_1 -to_step write_bitstream -jobs 16
[Thu Dec  1 19:18:50 2022] Launched synth_1...
Run output will be captured here: C:/Users/quinn.ti/Documents/lab6/lab6.runs/synth_1/runme.log
[Thu Dec  1 19:18:50 2022] Launched impl_1...
Run output will be captured here: C:/Users/quinn.ti/Documents/lab6/lab6.runs/impl_1/runme.log
set_property PROBES.FILE {C:/Users/quinn.ti/Documents/lab6/lab6.runs/impl_1/alu_instrmem_top.ltx} [get_hw_devices xc7z020_1]
set_property FULL_PROBES.FILE {C:/Users/quinn.ti/Documents/lab6/lab6.runs/impl_1/alu_instrmem_top.ltx} [get_hw_devices xc7z020_1]
set_property PROGRAM.FILE {C:/Users/quinn.ti/Documents/lab6/lab6.runs/impl_1/alu_instrmem_top.bit} [get_hw_devices xc7z020_1]
program_hw_devices [get_hw_devices xc7z020_1]
INFO: [Labtools 27-3164] End of startup status: HIGH
refresh_hw_device [lindex [get_hw_devices xc7z020_1] 0]
ERROR: [Xicom 50-38] xicom: Device:1, user chain number:1, slave index:0. Reading intermittently wrong data from core. Try slower target speed. Make sure design meets timing requirements.
ERROR: [Xicom 50-38] xicom: Device:1, user chain number:1, slave index:0, is not a valid CseXsdb Slave core.
ERROR: [Labtools 27-3176] hw_server failed during internal command.
Resolution: Check that the hw_server is running and the hardware connectivity to the target
set_property PROBES.FILE {C:/Users/quinn.ti/Documents/lab6/lab6.runs/impl_1/alu_instrmem_top.ltx} [get_hw_devices xc7z020_1]
set_property FULL_PROBES.FILE {C:/Users/quinn.ti/Documents/lab6/lab6.runs/impl_1/alu_instrmem_top.ltx} [get_hw_devices xc7z020_1]
set_property PROGRAM.FILE {C:/Users/quinn.ti/Documents/lab6/lab6.runs/impl_1/alu_instrmem_top.bit} [get_hw_devices xc7z020_1]
program_hw_devices [get_hw_devices xc7z020_1]
INFO: [Labtools 27-3164] End of startup status: HIGH
refresh_hw_device [lindex [get_hw_devices xc7z020_1] 0]
INFO: [Labtools 27-2302] Device xc7z020 (JTAG device index = 1) is programmed with a design that has 1 VIO core(s).
set_property -dict [list CONFIG.coefficient_file {C:/Users/quinn.ti/Documents/lab6/two_by_two_latest.coe}] [get_ips inst_mem]
INFO: [IP_Flow 19-3484] Absolute path of file 'c:/Users/quinn.ti/Documents/lab6/two_by_two_latest.coe' provided. It will be converted relative to IP Instance files '../../../../two_by_two_latest.coe'
generate_target all [get_files  C:/Users/quinn.ti/Documents/lab6/lab6.srcs/sources_1/ip/inst_mem/inst_mem.xci]
INFO: [IP_Flow 19-1686] Generating 'Instantiation Template' target for IP 'inst_mem'...
INFO: [IP_Flow 19-1686] Generating 'Synthesis' target for IP 'inst_mem'...
INFO: [IP_Flow 19-1686] Generating 'Simulation' target for IP 'inst_mem'...
INFO: [IP_Flow 19-1686] Generating 'Change Log' target for IP 'inst_mem'...
catch { config_ip_cache -export [get_ips -all inst_mem] }
export_ip_user_files -of_objects [get_files C:/Users/quinn.ti/Documents/lab6/lab6.srcs/sources_1/ip/inst_mem/inst_mem.xci] -no_script -sync -force -quiet
reset_run inst_mem_synth_1
WARNING: [Vivado 12-1017] Problems encountered:
1. Failed to delete one or more files in run directory C:/Users/quinn.ti/Documents/lab6/lab6.runs/inst_mem_synth_1

launch_runs inst_mem_synth_1 -jobs 16
[Thu Dec  1 19:52:18 2022] Launched inst_mem_synth_1...
Run output will be captured here: C:/Users/quinn.ti/Documents/lab6/lab6.runs/inst_mem_synth_1/runme.log
export_simulation -of_objects [get_files C:/Users/quinn.ti/Documents/lab6/lab6.srcs/sources_1/ip/inst_mem/inst_mem.xci] -directory C:/Users/quinn.ti/Documents/lab6/lab6.ip_user_files/sim_scripts -ip_user_files_dir C:/Users/quinn.ti/Documents/lab6/lab6.ip_user_files -ipstatic_source_dir C:/Users/quinn.ti/Documents/lab6/lab6.ip_user_files/ipstatic -lib_map_path [list {modelsim=C:/Users/quinn.ti/Documents/lab6/lab6.cache/compile_simlib/modelsim} {questa=C:/Users/quinn.ti/Documents/lab6/lab6.cache/compile_simlib/questa} {riviera=C:/Users/quinn.ti/Documents/lab6/lab6.cache/compile_simlib/riviera} {activehdl=C:/Users/quinn.ti/Documents/lab6/lab6.cache/compile_simlib/activehdl}] -use_ip_compiled_libs -force -quiet
reset_run synth_1
INFO: [Project 1-1161] Replacing file C:/Users/quinn.ti/Documents/lab6/lab6.srcs/utils_1/imports/synth_1/alu_instrmem_top.dcp with file C:/Users/quinn.ti/Documents/lab6/lab6.runs/synth_1/alu_instrmem_top.dcp
WARNING: [Vivado 12-1017] Problems encountered:
1. Failed to delete one or more files in run directory C:/Users/quinn.ti/Documents/lab6/lab6.runs/synth_1

launch_runs impl_1 -to_step write_bitstream -jobs 16
[Thu Dec  1 19:52:27 2022] Launched inst_mem_synth_1, synth_1...
Run output will be captured here:
inst_mem_synth_1: C:/Users/quinn.ti/Documents/lab6/lab6.runs/inst_mem_synth_1/runme.log
synth_1: C:/Users/quinn.ti/Documents/lab6/lab6.runs/synth_1/runme.log
[Thu Dec  1 19:52:27 2022] Launched impl_1...
Run output will be captured here: C:/Users/quinn.ti/Documents/lab6/lab6.runs/impl_1/runme.log
set_property PROBES.FILE {C:/Users/quinn.ti/Documents/lab6/lab6.runs/impl_1/alu_instrmem_top.ltx} [get_hw_devices xc7z020_1]
set_property FULL_PROBES.FILE {C:/Users/quinn.ti/Documents/lab6/lab6.runs/impl_1/alu_instrmem_top.ltx} [get_hw_devices xc7z020_1]
set_property PROGRAM.FILE {C:/Users/quinn.ti/Documents/lab6/lab6.runs/impl_1/alu_instrmem_top.bit} [get_hw_devices xc7z020_1]
program_hw_devices [get_hw_devices xc7z020_1]
INFO: [Labtools 27-3164] End of startup status: HIGH
refresh_hw_device [lindex [get_hw_devices xc7z020_1] 0]
INFO: [Labtools 27-2302] Device xc7z020 (JTAG device index = 1) is programmed with a design that has 1 VIO core(s).
reset_run synth_1
INFO: [Project 1-1161] Replacing file C:/Users/quinn.ti/Documents/lab6/lab6.srcs/utils_1/imports/synth_1/alu_instrmem_top.dcp with file C:/Users/quinn.ti/Documents/lab6/lab6.runs/synth_1/alu_instrmem_top.dcp
WARNING: [Vivado 12-1017] Problems encountered:
1. Failed to delete one or more files in run directory C:/Users/quinn.ti/Documents/lab6/lab6.runs/synth_1

launch_runs impl_1 -to_step write_bitstream -jobs 16
[Thu Dec  1 20:06:47 2022] Launched synth_1...
Run output will be captured here: C:/Users/quinn.ti/Documents/lab6/lab6.runs/synth_1/runme.log
[Thu Dec  1 20:06:47 2022] Launched impl_1...
Run output will be captured here: C:/Users/quinn.ti/Documents/lab6/lab6.runs/impl_1/runme.log
set_property PROBES.FILE {C:/Users/quinn.ti/Documents/lab6/lab6.runs/impl_1/alu_instrmem_top.ltx} [get_hw_devices xc7z020_1]
set_property FULL_PROBES.FILE {C:/Users/quinn.ti/Documents/lab6/lab6.runs/impl_1/alu_instrmem_top.ltx} [get_hw_devices xc7z020_1]
set_property PROGRAM.FILE {C:/Users/quinn.ti/Documents/lab6/lab6.runs/impl_1/alu_instrmem_top.bit} [get_hw_devices xc7z020_1]
program_hw_devices [get_hw_devices xc7z020_1]
INFO: [Labtools 27-3164] End of startup status: HIGH
refresh_hw_device [lindex [get_hw_devices xc7z020_1] 0]
INFO: [Labtools 27-2302] Device xc7z020 (JTAG device index = 1) is programmed with a design that has 1 VIO core(s).
reset_run synth_1
INFO: [Project 1-1161] Replacing file C:/Users/quinn.ti/Documents/lab6/lab6.srcs/utils_1/imports/synth_1/alu_instrmem_top.dcp with file C:/Users/quinn.ti/Documents/lab6/lab6.runs/synth_1/alu_instrmem_top.dcp
WARNING: [Vivado 12-1017] Problems encountered:
1. Failed to delete one or more files in run directory C:/Users/quinn.ti/Documents/lab6/lab6.runs/synth_1

launch_runs impl_1 -to_step write_bitstream -jobs 16
[Thu Dec  1 20:16:00 2022] Launched synth_1...
Run output will be captured here: C:/Users/quinn.ti/Documents/lab6/lab6.runs/synth_1/runme.log
[Thu Dec  1 20:16:00 2022] Launched impl_1...
Run output will be captured here: C:/Users/quinn.ti/Documents/lab6/lab6.runs/impl_1/runme.log
set_property PROBES.FILE {C:/Users/quinn.ti/Documents/lab6/lab6.runs/impl_1/alu_instrmem_top.ltx} [get_hw_devices xc7z020_1]
set_property FULL_PROBES.FILE {C:/Users/quinn.ti/Documents/lab6/lab6.runs/impl_1/alu_instrmem_top.ltx} [get_hw_devices xc7z020_1]
set_property PROGRAM.FILE {C:/Users/quinn.ti/Documents/lab6/lab6.runs/impl_1/alu_instrmem_top.bit} [get_hw_devices xc7z020_1]
program_hw_devices [get_hw_devices xc7z020_1]
INFO: [Labtools 27-3164] End of startup status: HIGH
refresh_hw_device [lindex [get_hw_devices xc7z020_1] 0]
INFO: [Labtools 27-2302] Device xc7z020 (JTAG device index = 1) is programmed with a design that has 1 VIO core(s).
set_property -dict [list CONFIG.C_PROBE_IN19_WIDTH {3} CONFIG.C_NUM_PROBE_IN {20}] [get_ips vio_0]
generate_target all [get_files  C:/Users/quinn.ti/Documents/lab6/lab6.srcs/sources_1/ip/vio_0/vio_0.xci]
INFO: [IP_Flow 19-1686] Generating 'Instantiation Template' target for IP 'vio_0'...
INFO: [IP_Flow 19-1686] Generating 'Synthesis' target for IP 'vio_0'...
INFO: [IP_Flow 19-1686] Generating 'Simulation' target for IP 'vio_0'...
INFO: [IP_Flow 19-1686] Generating 'Change Log' target for IP 'vio_0'...
catch { config_ip_cache -export [get_ips -all vio_0] }
export_ip_user_files -of_objects [get_files C:/Users/quinn.ti/Documents/lab6/lab6.srcs/sources_1/ip/vio_0/vio_0.xci] -no_script -sync -force -quiet
reset_run vio_0_synth_1
WARNING: [Vivado 12-1017] Problems encountered:
1. Failed to delete one or more files in run directory C:/Users/quinn.ti/Documents/lab6/lab6.runs/vio_0_synth_1

launch_runs vio_0_synth_1 -jobs 16
[Thu Dec  1 20:41:10 2022] Launched vio_0_synth_1...
Run output will be captured here: C:/Users/quinn.ti/Documents/lab6/lab6.runs/vio_0_synth_1/runme.log
export_simulation -of_objects [get_files C:/Users/quinn.ti/Documents/lab6/lab6.srcs/sources_1/ip/vio_0/vio_0.xci] -directory C:/Users/quinn.ti/Documents/lab6/lab6.ip_user_files/sim_scripts -ip_user_files_dir C:/Users/quinn.ti/Documents/lab6/lab6.ip_user_files -ipstatic_source_dir C:/Users/quinn.ti/Documents/lab6/lab6.ip_user_files/ipstatic -lib_map_path [list {modelsim=C:/Users/quinn.ti/Documents/lab6/lab6.cache/compile_simlib/modelsim} {questa=C:/Users/quinn.ti/Documents/lab6/lab6.cache/compile_simlib/questa} {riviera=C:/Users/quinn.ti/Documents/lab6/lab6.cache/compile_simlib/riviera} {activehdl=C:/Users/quinn.ti/Documents/lab6/lab6.cache/compile_simlib/activehdl}] -use_ip_compiled_libs -force -quiet
reset_run synth_1
INFO: [Project 1-1161] Replacing file C:/Users/quinn.ti/Documents/lab6/lab6.srcs/utils_1/imports/synth_1/alu_instrmem_top.dcp with file C:/Users/quinn.ti/Documents/lab6/lab6.runs/synth_1/alu_instrmem_top.dcp
WARNING: [Vivado 12-1017] Problems encountered:
1. Failed to delete one or more files in run directory C:/Users/quinn.ti/Documents/lab6/lab6.runs/synth_1

launch_runs impl_1 -to_step write_bitstream -jobs 16
[Thu Dec  1 20:42:47 2022] Launched synth_1...
Run output will be captured here: C:/Users/quinn.ti/Documents/lab6/lab6.runs/synth_1/runme.log
[Thu Dec  1 20:42:47 2022] Launched impl_1...
Run output will be captured here: C:/Users/quinn.ti/Documents/lab6/lab6.runs/impl_1/runme.log
set_property PROBES.FILE {C:/Users/quinn.ti/Documents/lab6/lab6.runs/impl_1/alu_instrmem_top.ltx} [get_hw_devices xc7z020_1]
set_property FULL_PROBES.FILE {C:/Users/quinn.ti/Documents/lab6/lab6.runs/impl_1/alu_instrmem_top.ltx} [get_hw_devices xc7z020_1]
set_property PROGRAM.FILE {C:/Users/quinn.ti/Documents/lab6/lab6.runs/impl_1/alu_instrmem_top.bit} [get_hw_devices xc7z020_1]
program_hw_devices [get_hw_devices xc7z020_1]
INFO: [Labtools 27-3164] End of startup status: HIGH
refresh_hw_device [lindex [get_hw_devices xc7z020_1] 0]
INFO: [Labtools 27-2302] Device xc7z020 (JTAG device index = 1) is programmed with a design that has 1 VIO core(s).
set_property INPUT_VALUE_RADIX SIGNED [get_hw_probes regfile_ReadAddress1 -of_objects [get_hw_vios -of_objects [get_hw_devices xc7z020_1] -filter {CELL_NAME=~"vio"}]]
set_property INPUT_VALUE_RADIX UNSIGNED [get_hw_probes regfile_ReadAddress1 -of_objects [get_hw_vios -of_objects [get_hw_devices xc7z020_1] -filter {CELL_NAME=~"vio"}]]
set_property -dict [list CONFIG.C_PROBE_IN20_WIDTH {3} CONFIG.C_NUM_PROBE_IN {21}] [get_ips vio_0]
generate_target all [get_files  C:/Users/quinn.ti/Documents/lab6/lab6.srcs/sources_1/ip/vio_0/vio_0.xci]
INFO: [IP_Flow 19-1686] Generating 'Instantiation Template' target for IP 'vio_0'...
INFO: [IP_Flow 19-1686] Generating 'Synthesis' target for IP 'vio_0'...
INFO: [IP_Flow 19-1686] Generating 'Simulation' target for IP 'vio_0'...
INFO: [IP_Flow 19-1686] Generating 'Change Log' target for IP 'vio_0'...
catch { config_ip_cache -export [get_ips -all vio_0] }
export_ip_user_files -of_objects [get_files C:/Users/quinn.ti/Documents/lab6/lab6.srcs/sources_1/ip/vio_0/vio_0.xci] -no_script -sync -force -quiet
reset_run vio_0_synth_1
WARNING: [Vivado 12-1017] Problems encountered:
1. Failed to delete one or more files in run directory C:/Users/quinn.ti/Documents/lab6/lab6.runs/vio_0_synth_1

launch_runs vio_0_synth_1 -jobs 16
[Thu Dec  1 20:51:05 2022] Launched vio_0_synth_1...
Run output will be captured here: C:/Users/quinn.ti/Documents/lab6/lab6.runs/vio_0_synth_1/runme.log
export_simulation -of_objects [get_files C:/Users/quinn.ti/Documents/lab6/lab6.srcs/sources_1/ip/vio_0/vio_0.xci] -directory C:/Users/quinn.ti/Documents/lab6/lab6.ip_user_files/sim_scripts -ip_user_files_dir C:/Users/quinn.ti/Documents/lab6/lab6.ip_user_files -ipstatic_source_dir C:/Users/quinn.ti/Documents/lab6/lab6.ip_user_files/ipstatic -lib_map_path [list {modelsim=C:/Users/quinn.ti/Documents/lab6/lab6.cache/compile_simlib/modelsim} {questa=C:/Users/quinn.ti/Documents/lab6/lab6.cache/compile_simlib/questa} {riviera=C:/Users/quinn.ti/Documents/lab6/lab6.cache/compile_simlib/riviera} {activehdl=C:/Users/quinn.ti/Documents/lab6/lab6.cache/compile_simlib/activehdl}] -use_ip_compiled_libs -force -quiet
set_property needs_refresh false [get_runs synth_1]
set_property needs_refresh false [get_runs impl_1]
set_property needs_refresh false [get_runs data_memory_synth_1]
set_property needs_refresh false [get_runs inst_mem_synth_1]
set_property needs_refresh false [get_runs vio_0_synth_1]
set_property PROBES.FILE {C:/Users/quinn.ti/Documents/lab6/lab6.runs/impl_1/alu_instrmem_top.ltx} [get_hw_devices xc7z020_1]
set_property FULL_PROBES.FILE {C:/Users/quinn.ti/Documents/lab6/lab6.runs/impl_1/alu_instrmem_top.ltx} [get_hw_devices xc7z020_1]
set_property PROGRAM.FILE {C:/Users/quinn.ti/Documents/lab6/lab6.runs/impl_1/alu_instrmem_top.bit} [get_hw_devices xc7z020_1]
program_hw_devices [get_hw_devices xc7z020_1]
INFO: [Labtools 27-3164] End of startup status: HIGH
refresh_hw_device [lindex [get_hw_devices xc7z020_1] 0]
INFO: [Labtools 27-2302] Device xc7z020 (JTAG device index = 1) is programmed with a design that has 1 VIO core(s).
reset_run synth_1
INFO: [Project 1-1161] Replacing file C:/Users/quinn.ti/Documents/lab6/lab6.srcs/utils_1/imports/synth_1/alu_instrmem_top.dcp with file C:/Users/quinn.ti/Documents/lab6/lab6.runs/synth_1/alu_instrmem_top.dcp
WARNING: [Vivado 12-1017] Problems encountered:
1. Failed to delete one or more files in run directory C:/Users/quinn.ti/Documents/lab6/lab6.runs/synth_1

launch_runs impl_1 -to_step write_bitstream -jobs 16
[Thu Dec  1 20:53:58 2022] Launched synth_1...
Run output will be captured here: C:/Users/quinn.ti/Documents/lab6/lab6.runs/synth_1/runme.log
[Thu Dec  1 20:53:58 2022] Launched impl_1...
Run output will be captured here: C:/Users/quinn.ti/Documents/lab6/lab6.runs/impl_1/runme.log
set_property PROBES.FILE {C:/Users/quinn.ti/Documents/lab6/lab6.runs/impl_1/alu_instrmem_top.ltx} [get_hw_devices xc7z020_1]
set_property FULL_PROBES.FILE {C:/Users/quinn.ti/Documents/lab6/lab6.runs/impl_1/alu_instrmem_top.ltx} [get_hw_devices xc7z020_1]
set_property PROGRAM.FILE {C:/Users/quinn.ti/Documents/lab6/lab6.runs/impl_1/alu_instrmem_top.bit} [get_hw_devices xc7z020_1]
program_hw_devices [get_hw_devices xc7z020_1]
INFO: [Labtools 27-3164] End of startup status: HIGH
refresh_hw_device [lindex [get_hw_devices xc7z020_1] 0]
INFO: [Labtools 27-2302] Device xc7z020 (JTAG device index = 1) is programmed with a design that has 1 VIO core(s).
set_property PROBES.FILE {C:/Users/quinn.ti/Documents/lab6/lab6.runs/impl_1/alu_instrmem_top.ltx} [get_hw_devices xc7z020_1]
set_property FULL_PROBES.FILE {C:/Users/quinn.ti/Documents/lab6/lab6.runs/impl_1/alu_instrmem_top.ltx} [get_hw_devices xc7z020_1]
set_property PROGRAM.FILE {C:/Users/quinn.ti/Documents/lab6/lab6.runs/impl_1/alu_instrmem_top.bit} [get_hw_devices xc7z020_1]
program_hw_devices [get_hw_devices xc7z020_1]
INFO: [Labtools 27-3164] End of startup status: HIGH
refresh_hw_device [lindex [get_hw_devices xc7z020_1] 0]
INFO: [Labtools 27-2302] Device xc7z020 (JTAG device index = 1) is programmed with a design that has 1 VIO core(s).
set_property INPUT_VALUE_RADIX SIGNED [get_hw_probes rs2_1 -of_objects [get_hw_vios -of_objects [get_hw_devices xc7z020_1] -filter {CELL_NAME=~"vio"}]]
set_property NAME.SELECT short [get_hw_probes regfile_WriteData -of_objects [get_hw_vios -of_objects [get_hw_devices xc7z020_1] -filter {CELL_NAME=~"vio"}]] 
set_property NAME.SELECT long [get_hw_probes regfile_WriteData -of_objects [get_hw_vios -of_objects [get_hw_devices xc7z020_1] -filter {CELL_NAME=~"vio"}]] 
set_property needs_refresh false [get_runs synth_1]
set_property needs_refresh false [get_runs impl_1]
set_property needs_refresh false [get_runs data_memory_synth_1]
set_property needs_refresh false [get_runs inst_mem_synth_1]
set_property needs_refresh false [get_runs vio_0_synth_1]
set_property PROBES.FILE {C:/Users/quinn.ti/Documents/lab6/lab6.runs/impl_1/alu_instrmem_top.ltx} [get_hw_devices xc7z020_1]
set_property FULL_PROBES.FILE {C:/Users/quinn.ti/Documents/lab6/lab6.runs/impl_1/alu_instrmem_top.ltx} [get_hw_devices xc7z020_1]
set_property PROGRAM.FILE {C:/Users/quinn.ti/Documents/lab6/lab6.runs/impl_1/alu_instrmem_top.bit} [get_hw_devices xc7z020_1]
program_hw_devices [get_hw_devices xc7z020_1]
INFO: [Labtools 27-3164] End of startup status: HIGH
refresh_hw_device [lindex [get_hw_devices xc7z020_1] 0]
INFO: [Labtools 27-2302] Device xc7z020 (JTAG device index = 1) is programmed with a design that has 1 VIO core(s).
set_property PROBES.FILE {C:/Users/quinn.ti/Documents/lab6/lab6.runs/impl_1/alu_instrmem_top.ltx} [get_hw_devices xc7z020_1]
set_property FULL_PROBES.FILE {C:/Users/quinn.ti/Documents/lab6/lab6.runs/impl_1/alu_instrmem_top.ltx} [get_hw_devices xc7z020_1]
set_property PROGRAM.FILE {C:/Users/quinn.ti/Documents/lab6/lab6.runs/impl_1/alu_instrmem_top.bit} [get_hw_devices xc7z020_1]
program_hw_devices [get_hw_devices xc7z020_1]
INFO: [Labtools 27-3164] End of startup status: HIGH
refresh_hw_device [lindex [get_hw_devices xc7z020_1] 0]
INFO: [Labtools 27-2302] Device xc7z020 (JTAG device index = 1) is programmed with a design that has 1 VIO core(s).
set_property INPUT_VALUE_RADIX UNSIGNED [get_hw_probes regfile_ReadAddress1 -of_objects [get_hw_vios -of_objects [get_hw_devices xc7z020_1] -filter {CELL_NAME=~"vio"}]]
reset_run impl_1 -prev_step 
launch_runs impl_1 -to_step write_bitstream -jobs 16
[Thu Dec  1 21:03:15 2022] Launched impl_1...
Run output will be captured here: C:/Users/quinn.ti/Documents/lab6/lab6.runs/impl_1/runme.log
exit
INFO: [Common 17-206] Exiting Vivado at Thu Dec  1 21:12:49 2022...
